[2025-10-06 05:47:22] local.ERROR: could not find driver (Connection: pgsql, SQL: select c.relname as name, n.nspname as schema, pg_total_relation_size(c.oid) as size, obj_description(c.oid, 'pg_class') as comment from pg_class c, pg_namespace n where c.relkind in ('r', 'p') and n.oid = c.relnamespace and n.nspname not in ('pg_catalog', 'information_schema') order by c.relname) {"exception":"[object] (Illuminate\\Database\\QueryException(code: 0): could not find driver (Connection: pgsql, SQL: select c.relname as name, n.nspname as schema, pg_total_relation_size(c.oid) as size, obj_description(c.oid, 'pg_class') as comment from pg_class c, pg_namespace n where c.relkind in ('r', 'p') and n.oid = c.relnamespace and n.nspname not in ('pg_catalog', 'information_schema') order by c.relname) at /home/muu-ima/projects/muu-reservation-tour/backend/vendor/laravel/framework/src/Illuminate/Database/Connection.php:813)
[stacktrace]
#0 /home/muu-ima/projects/muu-reservation-tour/backend/vendor/laravel/framework/src/Illuminate/Database/Connection.php(767): Illuminate\\Database\\Connection->runQueryCallback()
#1 /home/muu-ima/projects/muu-reservation-tour/backend/vendor/laravel/framework/src/Illuminate/Database/Connection.php(398): Illuminate\\Database\\Connection->run()
#2 /home/muu-ima/projects/muu-reservation-tour/backend/vendor/laravel/framework/src/Illuminate/Database/Connection.php(385): Illuminate\\Database\\Connection->select()
#3 /home/muu-ima/projects/muu-reservation-tour/backend/vendor/laravel/framework/src/Illuminate/Database/Schema/Builder.php(183): Illuminate\\Database\\Connection->selectFromWriteConnection()
#4 /home/muu-ima/projects/muu-reservation-tour/backend/vendor/laravel/framework/src/Illuminate/Database/Schema/PostgresBuilder.php(52): Illuminate\\Database\\Schema\\Builder->getTables()
#5 /home/muu-ima/projects/muu-reservation-tour/backend/vendor/laravel/framework/src/Illuminate/Database/Migrations/DatabaseMigrationRepository.php(184): Illuminate\\Database\\Schema\\PostgresBuilder->hasTable()
#6 /home/muu-ima/projects/muu-reservation-tour/backend/vendor/laravel/framework/src/Illuminate/Database/Migrations/Migrator.php(689): Illuminate\\Database\\Migrations\\DatabaseMigrationRepository->repositoryExists()
#7 /home/muu-ima/projects/muu-reservation-tour/backend/vendor/laravel/framework/src/Illuminate/Database/Console/Migrations/MigrateCommand.php(161): Illuminate\\Database\\Migrations\\Migrator->repositoryExists()
#8 /home/muu-ima/projects/muu-reservation-tour/backend/vendor/laravel/framework/src/Illuminate/Support/helpers.php(286): Illuminate\\Database\\Console\\Migrations\\MigrateCommand->Illuminate\\Database\\Console\\Migrations\\{closure}()
#9 /home/muu-ima/projects/muu-reservation-tour/backend/vendor/laravel/framework/src/Illuminate/Database/Console/Migrations/MigrateCommand.php(161): retry()
#10 /home/muu-ima/projects/muu-reservation-tour/backend/vendor/laravel/framework/src/Illuminate/Database/Console/Migrations/MigrateCommand.php(137): Illuminate\\Database\\Console\\Migrations\\MigrateCommand->repositoryExists()
#11 /home/muu-ima/projects/muu-reservation-tour/backend/vendor/laravel/framework/src/Illuminate/Database/Console/Migrations/MigrateCommand.php(107): Illuminate\\Database\\Console\\Migrations\\MigrateCommand->prepareDatabase()
#12 /home/muu-ima/projects/muu-reservation-tour/backend/vendor/laravel/framework/src/Illuminate/Database/Migrations/Migrator.php(622): Illuminate\\Database\\Console\\Migrations\\MigrateCommand->Illuminate\\Database\\Console\\Migrations\\{closure}()
#13 /home/muu-ima/projects/muu-reservation-tour/backend/vendor/laravel/framework/src/Illuminate/Database/Console/Migrations/MigrateCommand.php(106): Illuminate\\Database\\Migrations\\Migrator->usingConnection()
#14 /home/muu-ima/projects/muu-reservation-tour/backend/vendor/laravel/framework/src/Illuminate/Database/Console/Migrations/MigrateCommand.php(85): Illuminate\\Database\\Console\\Migrations\\MigrateCommand->runMigrations()
#15 /home/muu-ima/projects/muu-reservation-tour/backend/vendor/laravel/framework/src/Illuminate/Container/BoundMethod.php(36): Illuminate\\Database\\Console\\Migrations\\MigrateCommand->handle()
#16 /home/muu-ima/projects/muu-reservation-tour/backend/vendor/laravel/framework/src/Illuminate/Container/Util.php(41): Illuminate\\Container\\BoundMethod::Illuminate\\Container\\{closure}()
#17 /home/muu-ima/projects/muu-reservation-tour/backend/vendor/laravel/framework/src/Illuminate/Container/BoundMethod.php(93): Illuminate\\Container\\Util::unwrapIfClosure()
#18 /home/muu-ima/projects/muu-reservation-tour/backend/vendor/laravel/framework/src/Illuminate/Container/BoundMethod.php(35): Illuminate\\Container\\BoundMethod::callBoundMethod()
#19 /home/muu-ima/projects/muu-reservation-tour/backend/vendor/laravel/framework/src/Illuminate/Container/Container.php(662): Illuminate\\Container\\BoundMethod::call()
#20 /home/muu-ima/projects/muu-reservation-tour/backend/vendor/laravel/framework/src/Illuminate/Console/Command.php(212): Illuminate\\Container\\Container->call()
#21 /home/muu-ima/projects/muu-reservation-tour/backend/vendor/symfony/console/Command/Command.php(279): Illuminate\\Console\\Command->execute()
#22 /home/muu-ima/projects/muu-reservation-tour/backend/vendor/laravel/framework/src/Illuminate/Console/Command.php(181): Symfony\\Component\\Console\\Command\\Command->run()
#23 /home/muu-ima/projects/muu-reservation-tour/backend/vendor/symfony/console/Application.php(1049): Illuminate\\Console\\Command->run()
#24 /home/muu-ima/projects/muu-reservation-tour/backend/vendor/symfony/console/Application.php(318): Symfony\\Component\\Console\\Application->doRunCommand()
#25 /home/muu-ima/projects/muu-reservation-tour/backend/vendor/symfony/console/Application.php(169): Symfony\\Component\\Console\\Application->doRun()
#26 /home/muu-ima/projects/muu-reservation-tour/backend/vendor/laravel/framework/src/Illuminate/Foundation/Console/Kernel.php(196): Symfony\\Component\\Console\\Application->run()
#27 /home/muu-ima/projects/muu-reservation-tour/backend/artisan(35): Illuminate\\Foundation\\Console\\Kernel->handle()
#28 {main}

[previous exception] [object] (PDOException(code: 0): could not find driver at /home/muu-ima/projects/muu-reservation-tour/backend/vendor/laravel/framework/src/Illuminate/Database/Connectors/Connector.php:65)
[stacktrace]
#0 /home/muu-ima/projects/muu-reservation-tour/backend/vendor/laravel/framework/src/Illuminate/Database/Connectors/Connector.php(65): PDO->__construct()
#1 /home/muu-ima/projects/muu-reservation-tour/backend/vendor/laravel/framework/src/Illuminate/Database/Connectors/Connector.php(44): Illuminate\\Database\\Connectors\\Connector->createPdoConnection()
#2 /home/muu-ima/projects/muu-reservation-tour/backend/vendor/laravel/framework/src/Illuminate/Database/Connectors/PostgresConnector.php(35): Illuminate\\Database\\Connectors\\Connector->createConnection()
#3 /home/muu-ima/projects/muu-reservation-tour/backend/vendor/laravel/framework/src/Illuminate/Database/Connectors/ConnectionFactory.php(185): Illuminate\\Database\\Connectors\\PostgresConnector->connect()
#4 [internal function]: Illuminate\\Database\\Connectors\\ConnectionFactory->Illuminate\\Database\\Connectors\\{closure}()
#5 /home/muu-ima/projects/muu-reservation-tour/backend/vendor/laravel/framework/src/Illuminate/Database/Connection.php(1219): call_user_func()
#6 /home/muu-ima/projects/muu-reservation-tour/backend/vendor/laravel/framework/src/Illuminate/Database/Connection.php(512): Illuminate\\Database\\Connection->getPdo()
#7 /home/muu-ima/projects/muu-reservation-tour/backend/vendor/laravel/framework/src/Illuminate/Database/Connection.php(407): Illuminate\\Database\\Connection->getPdoForSelect()
#8 /home/muu-ima/projects/muu-reservation-tour/backend/vendor/laravel/framework/src/Illuminate/Database/Connection.php(800): Illuminate\\Database\\Connection->Illuminate\\Database\\{closure}()
#9 /home/muu-ima/projects/muu-reservation-tour/backend/vendor/laravel/framework/src/Illuminate/Database/Connection.php(767): Illuminate\\Database\\Connection->runQueryCallback()
#10 /home/muu-ima/projects/muu-reservation-tour/backend/vendor/laravel/framework/src/Illuminate/Database/Connection.php(398): Illuminate\\Database\\Connection->run()
#11 /home/muu-ima/projects/muu-reservation-tour/backend/vendor/laravel/framework/src/Illuminate/Database/Connection.php(385): Illuminate\\Database\\Connection->select()
#12 /home/muu-ima/projects/muu-reservation-tour/backend/vendor/laravel/framework/src/Illuminate/Database/Schema/Builder.php(183): Illuminate\\Database\\Connection->selectFromWriteConnection()
#13 /home/muu-ima/projects/muu-reservation-tour/backend/vendor/laravel/framework/src/Illuminate/Database/Schema/PostgresBuilder.php(52): Illuminate\\Database\\Schema\\Builder->getTables()
#14 /home/muu-ima/projects/muu-reservation-tour/backend/vendor/laravel/framework/src/Illuminate/Database/Migrations/DatabaseMigrationRepository.php(184): Illuminate\\Database\\Schema\\PostgresBuilder->hasTable()
#15 /home/muu-ima/projects/muu-reservation-tour/backend/vendor/laravel/framework/src/Illuminate/Database/Migrations/Migrator.php(689): Illuminate\\Database\\Migrations\\DatabaseMigrationRepository->repositoryExists()
#16 /home/muu-ima/projects/muu-reservation-tour/backend/vendor/laravel/framework/src/Illuminate/Database/Console/Migrations/MigrateCommand.php(161): Illuminate\\Database\\Migrations\\Migrator->repositoryExists()
#17 /home/muu-ima/projects/muu-reservation-tour/backend/vendor/laravel/framework/src/Illuminate/Support/helpers.php(286): Illuminate\\Database\\Console\\Migrations\\MigrateCommand->Illuminate\\Database\\Console\\Migrations\\{closure}()
#18 /home/muu-ima/projects/muu-reservation-tour/backend/vendor/laravel/framework/src/Illuminate/Database/Console/Migrations/MigrateCommand.php(161): retry()
#19 /home/muu-ima/projects/muu-reservation-tour/backend/vendor/laravel/framework/src/Illuminate/Database/Console/Migrations/MigrateCommand.php(137): Illuminate\\Database\\Console\\Migrations\\MigrateCommand->repositoryExists()
#20 /home/muu-ima/projects/muu-reservation-tour/backend/vendor/laravel/framework/src/Illuminate/Database/Console/Migrations/MigrateCommand.php(107): Illuminate\\Database\\Console\\Migrations\\MigrateCommand->prepareDatabase()
#21 /home/muu-ima/projects/muu-reservation-tour/backend/vendor/laravel/framework/src/Illuminate/Database/Migrations/Migrator.php(622): Illuminate\\Database\\Console\\Migrations\\MigrateCommand->Illuminate\\Database\\Console\\Migrations\\{closure}()
#22 /home/muu-ima/projects/muu-reservation-tour/backend/vendor/laravel/framework/src/Illuminate/Database/Console/Migrations/MigrateCommand.php(106): Illuminate\\Database\\Migrations\\Migrator->usingConnection()
#23 /home/muu-ima/projects/muu-reservation-tour/backend/vendor/laravel/framework/src/Illuminate/Database/Console/Migrations/MigrateCommand.php(85): Illuminate\\Database\\Console\\Migrations\\MigrateCommand->runMigrations()
#24 /home/muu-ima/projects/muu-reservation-tour/backend/vendor/laravel/framework/src/Illuminate/Container/BoundMethod.php(36): Illuminate\\Database\\Console\\Migrations\\MigrateCommand->handle()
#25 /home/muu-ima/projects/muu-reservation-tour/backend/vendor/laravel/framework/src/Illuminate/Container/Util.php(41): Illuminate\\Container\\BoundMethod::Illuminate\\Container\\{closure}()
#26 /home/muu-ima/projects/muu-reservation-tour/backend/vendor/laravel/framework/src/Illuminate/Container/BoundMethod.php(93): Illuminate\\Container\\Util::unwrapIfClosure()
#27 /home/muu-ima/projects/muu-reservation-tour/backend/vendor/laravel/framework/src/Illuminate/Container/BoundMethod.php(35): Illuminate\\Container\\BoundMethod::callBoundMethod()
#28 /home/muu-ima/projects/muu-reservation-tour/backend/vendor/laravel/framework/src/Illuminate/Container/Container.php(662): Illuminate\\Container\\BoundMethod::call()
#29 /home/muu-ima/projects/muu-reservation-tour/backend/vendor/laravel/framework/src/Illuminate/Console/Command.php(212): Illuminate\\Container\\Container->call()
#30 /home/muu-ima/projects/muu-reservation-tour/backend/vendor/symfony/console/Command/Command.php(279): Illuminate\\Console\\Command->execute()
#31 /home/muu-ima/projects/muu-reservation-tour/backend/vendor/laravel/framework/src/Illuminate/Console/Command.php(181): Symfony\\Component\\Console\\Command\\Command->run()
#32 /home/muu-ima/projects/muu-reservation-tour/backend/vendor/symfony/console/Application.php(1049): Illuminate\\Console\\Command->run()
#33 /home/muu-ima/projects/muu-reservation-tour/backend/vendor/symfony/console/Application.php(318): Symfony\\Component\\Console\\Application->doRunCommand()
#34 /home/muu-ima/projects/muu-reservation-tour/backend/vendor/symfony/console/Application.php(169): Symfony\\Component\\Console\\Application->doRun()
#35 /home/muu-ima/projects/muu-reservation-tour/backend/vendor/laravel/framework/src/Illuminate/Foundation/Console/Kernel.php(196): Symfony\\Component\\Console\\Application->run()
#36 /home/muu-ima/projects/muu-reservation-tour/backend/artisan(35): Illuminate\\Foundation\\Console\\Kernel->handle()
#37 {main}
"} 
[2025-10-06 05:54:30] local.INFO: req {"date":"2025-10-15","slot":"am","last_name":"山田","first_name":"太郎","email":"your_gmail_address@gmail.com","phone":"090-1234-5678","has_certificate":false,"note":"テスト送信"} 
[2025-10-06 05:54:32] local.ERROR: store error {"msg":"Route [reservations.verify] not defined.","file":"/home/muu-ima/projects/muu-reservation-tour/backend/vendor/laravel/framework/src/Illuminate/Routing/UrlGenerator.php","line":477,"trace":{"Illuminate\\Support\\Collection":[{"file":"/home/muu-ima/projects/muu-reservation-tour/backend/vendor/laravel/framework/src/Illuminate/Routing/UrlGenerator.php","line":353,"function":"route","class":"Illuminate\\Routing\\UrlGenerator","type":"->"},{"file":"/home/muu-ima/projects/muu-reservation-tour/backend/vendor/laravel/framework/src/Illuminate/Routing/UrlGenerator.php","line":389,"function":"signedRoute","class":"Illuminate\\Routing\\UrlGenerator","type":"->"},{"file":"/home/muu-ima/projects/muu-reservation-tour/backend/vendor/laravel/framework/src/Illuminate/Support/Facades/Facade.php","line":357,"function":"temporarySignedRoute","class":"Illuminate\\Routing\\UrlGenerator","type":"->"}]}} 
